<?xml version="1.0" encoding="UTF-8"?>
<!-- Generated by org.testng.reporters.JUnitReportReporter -->
<testsuite hostname="QT-INBG-LT1675" failures="0" tests="2" name="selenium.QTAutomation.TestNGImplementation" time="0.010" errors="0" timestamp="2022-07-28T10:47:58 IST" skipped="0">
  <testcase classname="selenium.QTAutomation.TestNGImplementation" name="calc" time="0.003"/>
  <system-out/>
  <testcase classname="selenium.QTAutomation.TestNGImplementation" name="amultiple" time="0.007"/>
  <system-out/>
</testsuite> <!-- selenium.QTAutomation.TestNGImplementation -->
