<?xml version="1.0" encoding="UTF-8"?>
<!-- Generated by org.testng.reporters.JUnitReportReporter -->
<testsuite hostname="QT-INBG-LT1675" failures="0" tests="2" name="selenium.QTAutomation.TwoTestDemoProg" time="0.012" errors="0" timestamp="2022-07-28T11:17:49 IST" skipped="0">
  <testcase classname="selenium.QTAutomation.TwoTestDemoProg" name="firstMethod" time="0.005"/>
  <system-out/>
  <testcase classname="selenium.QTAutomation.TwoTestDemoProg" name="secondMethod" time="0.007"/>
  <system-out/>
</testsuite> <!-- selenium.QTAutomation.TwoTestDemoProg -->
