<?xml version="1.0" encoding="UTF-8"?>
<!-- Generated by org.testng.reporters.JUnitReportReporter -->
<testsuite hostname="QT-INBG-LT1675" failures="0" tests="4" name="selenium.QTAutomation.ParameterizationDemo" time="0.009" errors="0" timestamp="2022-07-28T11:03:23 IST" skipped="0">
  <testcase classname="selenium.QTAutomation.ParameterizationDemo" name="catchable" time="0.007"/>
  <system-out/>
  <testcase classname="selenium.QTAutomation.ParameterizationDemo" name="orientation" time="0.000"/>
  <system-out/>
  <testcase classname="selenium.QTAutomation.ParameterizationDemo" name="implementation" time="0.001"/>
  <system-out/>
  <testcase classname="selenium.QTAutomation.ParameterizationDemo" name="result" time="0.001"/>
  <system-out/>
</testsuite> <!-- selenium.QTAutomation.ParameterizationDemo -->
