<?xml version="1.0" encoding="UTF-8"?>
<!-- Generated by org.testng.reporters.JUnitReportReporter -->
<testsuite hostname="QT-INBG-LT1675" failures="0" tests="1" name="selenium.QTAutomation.SoftAssertions" time="0.016" errors="0" timestamp="2022-07-28T12:01:46 IST" skipped="0">
  <testcase classname="selenium.QTAutomation.SoftAssertions" name="softAssertion1" time="0.016"/>
  <system-out/>
</testsuite> <!-- selenium.QTAutomation.SoftAssertions -->
